<?xml version="1.0" encoding="utf-8"?><testsuites name="pytest tests"><testsuite name="pytest" errors="0" failures="0" skipped="0" tests="12" time="2.146" timestamp="2026-06-23T12:23:04.087579+00:00" hostname="agent-env-68eb512c-19b7-4587-8573-f9bd162ae09f"><testcase classname="backend.tests.test_phase1_admin_e2e.TestEngineConfigGet" name="test_admin_can_get_merged_config" time="0.484" /><testcase classname="backend.tests.test_phase1_admin_e2e.TestEngineConfigGet" name="test_unauthenticated_get_blocked" time="0.103" /><testcase classname="backend.tests.test_phase1_admin_e2e.TestEngineConfigPut" name="test_admin_put_partial_updates_and_get_reflects" time="0.400" /><testcase classname="backend.tests.test_phase1_admin_e2e.TestEngineConfigPut" name="test_unauthenticated_put_blocked" time="0.102" /><testcase classname="backend.tests.test_phase1_admin_e2e.TestEngineConfigReset" name="test_admin_reset_returns_baseline" time="0.291" /><testcase classname="backend.tests.test_phase1_admin_e2e.TestEngineConfigReset" name="test_unauthenticated_reset_blocked" time="0.102" /><testcase classname="backend.tests.test_phase1_admin_e2e.TestCooldowns" name="test_admin_get_cooldowns_returns_structure" time="0.096" /><testcase classname="backend.tests.test_phase1_admin_e2e.TestCooldowns" name="test_unauthenticated_cooldowns_blocked" time="0.088" /><testcase classname="backend.tests.test_phase1_admin_e2e.TestFilterStats" name="test_admin_get_filter_stats" time="0.100" /><testcase classname="backend.tests.test_phase1_admin_e2e.TestFilterStats" name="test_unauthenticated_filter_stats_blocked" time="0.106" /><testcase classname="backend.tests.test_phase1_admin_e2e.TestSymbolMetrics" name="test_admin_get_symbol_metrics" time="0.108" /><testcase classname="backend.tests.test_phase1_admin_e2e.TestSymbolMetrics" name="test_unauthenticated_symbol_metrics_blocked" time="0.092" /></testsuite></testsuites>